<?xml version="1.0" encoding="UTF-8"?>
<!-- Generated by org.testng.reporters.JUnitReportReporter -->
<testsuite skipped="0" hostname="MUTHU" name="com.internetbanking.utilities.Reporting" tests="1" failures="0" timestamp="19 Aug 2021 22:40:20 GMT" time="6.795" errors="0">
  <testcase name="noCommerceTitleTest" time="6.795" classname="com.internetbanking.utilities.Reporting"/>
</testsuite> <!-- com.internetbanking.utilities.Reporting -->
