<?xml version="1.0" encoding="UTF-8"?>
<!-- Generated by org.testng.reporters.JUnitReportReporter -->
<testsuite skipped="0" hostname="MUTHU" name="com.internetbanking.testcases.TC_001_LoginPage" tests="1" failures="0" timestamp="29 Aug 2021 16:49:57 GMT" time="2.310" errors="0">
  <testcase name="loginTest" time="2.310" classname="com.internetbanking.testcases.TC_001_LoginPage"/>
</testsuite> <!-- com.internetbanking.testcases.TC_001_LoginPage -->
