<?xml version="1.0" encoding="UTF-8"?>
<!-- Generated by org.testng.reporters.JUnitReportReporter -->
<testsuite skipped="0" hostname="MUTHU" name="com.internetbanking.testcases.BaseClass" tests="1" failures="0" timestamp="17 Aug 2021 23:05:07 GMT" time="0.016" errors="0">
  <testcase name="test1" time="0.016" classname="com.internetbanking.testcases.BaseClass"/>
</testsuite> <!-- com.internetbanking.testcases.BaseClass -->
